-------------------------------------------------------------------------------
Test set: TestSuite
-------------------------------------------------------------------------------
Tests run: 3, Failures: 1, Errors: 0, Skipped: 0, Time elapsed: 53.524 s <<< FAILURE! - in TestSuite
validateCourseTitle(automationFramework.ValidateTitle)  Time elapsed: 0.158 s  <<< FAILURE!
java.lang.AssertionError: expected [null] but found [FEATURED COURSES]
	at automationFramework.ValidateTitle.validateCourseTitle(ValidateTitle.java:38)

