<?xml version="1.0" encoding="UTF-8"?>
<testsuite xmlns:xsi="http://www.w3.org/2001/XMLSchema-instance" xsi:noNamespaceSchemaLocation="https://maven.apache.org/surefire/maven-surefire-plugin/xsd/surefire-test-report.xsd" name="TestSuite" time="53.524" tests="3" errors="0" skipped="0" failures="1">
  <properties>
[...]
</properties>
  <testcase name="validateCourseTitle" classname="automationFramework.ValidateTitle" time="0.158">
    <failure message="expected [null] but found [FEATURED COURSES]" type="java.lang.AssertionError">java.lang.AssertionError: expected [null] but found [FEATURED COURSES]
	at automationFramework.ValidateTitle.validateCourseTitle(ValidateTitle.java:38)
</failure>
    <system-err><![CDATA[Starting ChromeDriver 80.0.3987.106 (f68069574609230cf9b635cd784cfb1bf81bb53a-refs/branch-heads/3987@{#882}) on port 20935
Only local connections are allowed.
Please protect ports used by ChromeDriver and related test frameworks to prevent access by malicious code.
[1587560207.862][WARNING]: This version of ChromeDriver has not been tested with Chrome version 81.
[1587560209.866][WARNING]: Timed out connecting to Chrome, retrying...
Apr 22, 2020 6:26:52 PM org.openqa.selenium.remote.ProtocolHandshake createSession
INFO: Detected dialect: W3C
[1587560214.032][WARNING]: Timed out connecting to Chrome, retrying...
[1587560218.008][SEVERE]: Timed out receiving message from renderer: 0.100
[1587560218.109][SEVERE]: Timed out receiving message from renderer: 0.100
[1587560218.210][SEVERE]: Timed out receiving message from renderer: 0.100
[1587560218.313][SEVERE]: Timed out receiving message from renderer: 0.100
[1587560218.415][SEVERE]: Timed out receiving message from renderer: 0.100
[1587560218.516][SEVERE]: Timed out receiving message from renderer: 0.100
[1587560218.618][SEVERE]: Timed out receiving message from renderer: 0.100
[1587560218.719][SEVERE]: Timed out receiving message from renderer: 0.100
[1587560218.820][SEVERE]: Timed out receiving message from renderer: 0.100
[1587560218.922][SEVERE]: Timed out receiving message from renderer: 0.100
[1587560219.023][SEVERE]: Timed out receiving message from renderer: 0.100
[1587560219.385][SEVERE]: Timed out receiving message from renderer: 0.100
[1587560219.665][SEVERE]: Timed out receiving message from renderer: 0.100
[1587560219.766][SEVERE]: Timed out receiving message from renderer: 0.100
[1587560219.867][SEVERE]: Timed out receiving message from renderer: 0.100
[1587560219.969][SEVERE]: Timed out receiving message from renderer: 0.100
[1587560220.070][SEVERE]: Timed out receiving message from renderer: 0.100
[1587560220.212][SEVERE]: Timed out receiving message from renderer: 0.100
[1587560220.392][SEVERE]: Timed out receiving message from renderer: 0.100
[1587560220.542][SEVERE]: Timed out receiving message from renderer: 0.100
[1587560220.644][SEVERE]: Timed out receiving message from renderer: 0.100
[1587560220.747][SEVERE]: Timed out receiving message from renderer: 0.100
]]></system-err>
  </testcase>
  <testcase name="basePageNavigation" classname="automationFramework.HomePage" time="8.478"/>
  <testcase name="navigation" classname="automationFramework.NavigationBarVa" time="0.127"/>
</testsuite>